%!Adobe-FontList 1.13
%Locale:0x409

%BeginFont
Handler:DirectoryHandler
FontType:Suitcase
FontName:Avenir-Roman
OutlineFileName:\A Avenir
ResourceID:14680
MacStyle:0
FileLength:58534
FileModTime:792716284
%EndFont

%BeginFont
Handler:DirectoryHandler
FontType:Suitcase
FontName:Avenir-Heavy
OutlineFileName:\A Avenir
ResourceID:14680
MacStyle:1
FileLength:58534
FileModTime:792716284
%EndFont

%BeginFont
Handler:DirectoryHandler
FontType:Suitcase
FontName:Avenir-Oblique
OutlineFileName:\A Avenir
ResourceID:14680
MacStyle:2
FileLength:58534
FileModTime:792716284
%EndFont

%BeginFont
Handler:DirectoryHandler
FontType:Suitcase
FontName:Avenir-HeavyOblique
OutlineFileName:\A Avenir
ResourceID:14680
MacStyle:3
FileLength:58534
FileModTime:792716284
%EndFont

%BeginFont
Handler:DirectoryHandler
FontType:Suitcase
FontName:Avenir-Oblique
OutlineFileName:\A Avenir
ResourceID:14679
MacStyle:0
FileLength:58534
FileModTime:792716284
%EndFont

%BeginFont
Handler:DirectoryHandler
FontType:Suitcase
FontName:Avenir-HeavyOblique
OutlineFileName:\A Avenir
ResourceID:14679
MacStyle:1
FileLength:58534
FileModTime:792716284
%EndFont

%BeginFont
Handler:DirectoryHandler
FontType:Suitcase
FontName:Avenir-LightOblique
OutlineFileName:\A Avenir
ResourceID:14681
MacStyle:0
FileLength:58534
FileModTime:792716284
%EndFont

%BeginFont
Handler:DirectoryHandler
FontType:Suitcase
FontName:Avenir-Light
OutlineFileName:\A Avenir
ResourceID:14682
MacStyle:0
FileLength:58534
FileModTime:792716284
%EndFont

%BeginFont
Handler:DirectoryHandler
FontType:Suitcase
FontName:Avenir-LightOblique
OutlineFileName:\A Avenir
ResourceID:14682
MacStyle:2
FileLength:58534
FileModTime:792716284
%EndFont

%BeginFont
Handler:DirectoryHandler
FontType:Suitcase
FontName:Avenir-HeavyOblique
OutlineFileName:\A Avenir
ResourceID:14677
MacStyle:0
FileLength:58534
FileModTime:792716284
%EndFont

%BeginFont
Handler:DirectoryHandler
FontType:Suitcase
FontName:Avenir-Heavy
OutlineFileName:\A Avenir
ResourceID:14678
MacStyle:0
FileLength:58534
FileModTime:792716284
%EndFont

%BeginFont
Handler:DirectoryHandler
FontType:Suitcase
FontName:Avenir-HeavyOblique
OutlineFileName:\A Avenir
ResourceID:14678
MacStyle:2
FileLength:58534
FileModTime:792716284
%EndFont

%BeginFont
Handler:DirectoryHandler
FontType:Suitcase
FontName:Avenir-MediumOblique
OutlineFileName:\A Avenir
ResourceID:14673
MacStyle:0
FileLength:58534
FileModTime:792716284
%EndFont

%BeginFont
Handler:DirectoryHandler
FontType:Suitcase
FontName:Avenir-BlackOblique
OutlineFileName:\A Avenir
ResourceID:14673
MacStyle:1
FileLength:58534
FileModTime:792716284
%EndFont

%BeginFont
Handler:DirectoryHandler
FontType:Suitcase
FontName:Avenir-Medium
OutlineFileName:\A Avenir
ResourceID:14674
MacStyle:0
FileLength:58534
FileModTime:792716284
%EndFont

%BeginFont
Handler:DirectoryHandler
FontType:Suitcase
FontName:Avenir-Black
OutlineFileName:\A Avenir
ResourceID:14674
MacStyle:1
FileLength:58534
FileModTime:792716284
%EndFont

%BeginFont
Handler:DirectoryHandler
FontType:Suitcase
FontName:Avenir-MediumOblique
OutlineFileName:\A Avenir
ResourceID:14674
MacStyle:2
FileLength:58534
FileModTime:792716284
%EndFont

%BeginFont
Handler:DirectoryHandler
FontType:Suitcase
FontName:Avenir-BlackOblique
OutlineFileName:\A Avenir
ResourceID:14674
MacStyle:3
FileLength:58534
FileModTime:792716284
%EndFont

%BeginFont
Handler:DirectoryHandler
FontType:Suitcase
FontName:Avenir-BlackOblique
OutlineFileName:\A Avenir
ResourceID:14671
MacStyle:0
FileLength:58534
FileModTime:792716284
%EndFont

%BeginFont
Handler:DirectoryHandler
FontType:Suitcase
FontName:Avenir-Black
OutlineFileName:\A Avenir
ResourceID:14672
MacStyle:0
FileLength:58534
FileModTime:792716284
%EndFont

%BeginFont
Handler:DirectoryHandler
FontType:Suitcase
FontName:Avenir-BlackOblique
OutlineFileName:\A Avenir
ResourceID:14672
MacStyle:2
FileLength:58534
FileModTime:792716284
%EndFont

%BeginFont
Handler:DirectoryHandler
FontType:Suitcase
FontName:Avenir-BookOblique
OutlineFileName:\A Avenir
ResourceID:14675
MacStyle:0
FileLength:58534
FileModTime:792716284
%EndFont

%BeginFont
Handler:DirectoryHandler
FontType:Suitcase
FontName:Avenir-Book
OutlineFileName:\A Avenir
ResourceID:14676
MacStyle:0
FileLength:58534
FileModTime:792716284
%EndFont

%BeginFont
Handler:DirectoryHandler
FontType:Suitcase
FontName:Avenir-BookOblique
OutlineFileName:\A Avenir
ResourceID:14676
MacStyle:2
FileLength:58534
FileModTime:792716284
%EndFont

%BeginFont
Handler:DirectoryHandler
FontType:Type1
FontName:AvenirNextLTPro-Bold
FamilyName:Avenir Next LT Pro
StyleName:Bold
MenuName:AvenirNext LT Pro Medium
StyleBits:2
WeightClass:700
WidthClass:5
AngleClass:0
FullName:Avenir Next LT Pro Bold
WritingScript:Roman
OutlineFileName:\AvenirNextLTPro-Bold.otf
DataFormat:sfntData
UsesStandardEncoding:yes
isCFF:yes
FileLength:74252
FileModTime:1144318572
%EndFont

%BeginFont
Handler:DirectoryHandler
FontType:Type1
FontName:AvenirNextLTPro-Regular
FamilyName:Avenir Next LT Pro
StyleName:Regular
MenuName:AvenirNext LT Pro Regular
StyleBits:0
WeightClass:400
WidthClass:5
AngleClass:0
FullName:Avenir Next LT Pro
WritingScript:Roman
OutlineFileName:\AvenirNextLTPro-Regular.otf
DataFormat:sfntData
UsesStandardEncoding:yes
isCFF:yes
FileLength:71460
FileModTime:1144318636
%EndFont

%BeginFont
Handler:DirectoryHandler
FontType:Type1
FontName:Avenir-Roman
FamilyName:Avenir
StyleName:55 Roman
MenuName:Avenir 55 Roman
StyleBits:0
WeightClass:400
WidthClass:5
AngleClass:0
FullName:12 Avenir 55 Roman   05173
WritingScript:Roman
OutlineFileName:\AveniRom
DataFormat:POSTResource
UsesStandardEncoding:yes
isCFF:no
FileLength:31192
FileModTime:744544800
DesignSize:-1
%EndFont

%BeginFont
Handler:DirectoryHandler
FontType:Type1
FontName:MinionPro-Regular
FamilyName:Minion Pro
StyleName:Regular
MenuName:Minion Pro
StyleBits:0
WeightClass:400
WidthClass:5
AngleClass:0
FullName:Minion Pro
WritingScript:Roman
OutlineFileName:\MinionPro-Regular.otf
DataFormat:sfntData
UsesStandardEncoding:yes
isCFF:yes
FileLength:231312
FileModTime:1348139845
DesignSize:110
%EndFont

